<?xml version="1.0" encoding="UTF-8"?>
<!-- Generated by org.testng.reporters.JUnitXMLReporter -->
<testsuite hostname="Julia" ignored="0" name="Default test" tests="39" failures="2" timestamp="22 мар 2018 11:50:24 GMT" time="1982.521" errors="0">
  <testcase name="testRegistrationForm" time="58.548" classname="tests.Register"/>
  <testcase name="testRegistrationForm" time="58.68" classname="tests.Register"/>
  <testcase name="testRegistrationForm" time="4.037" classname="tests.Register"/>
  <testcase name="testRegistrationForm" time="4.17" classname="tests.Register"/>
  <testcase name="testRegistrationForm" time="4.888" classname="tests.Register"/>
  <testcase name="testRegistrationForm" time="4.394" classname="tests.Register"/>
  <testcase name="testRegistrationName" time="58.738" classname="tests.Register"/>
  <testcase name="testRegistrationName" time="57.689" classname="tests.Register"/>
  <testcase name="testRegistrationName" time="5.372" classname="tests.Register"/>
  <testcase name="testRegistrationName" time="59.347" classname="tests.Register"/>
  <testcase name="testRegistrationName" time="61.005" classname="tests.Register"/>
  <testcase name="testRegistrationName" time="59.317" classname="tests.Register"/>
  <testcase name="testRegistrationName" time="58.417" classname="tests.Register"/>
  <testcase name="testRegistrationName" time="61.637" classname="tests.Register"/>
  <testcase name="testRegistrationName" time="57.805" classname="tests.Register"/>
  <testcase name="testRegistrationName" time="58.548" classname="tests.Register"/>
  <testcase name="testRegistrationName" time="63.373" classname="tests.Register"/>
  <testcase name="testRegistrationName" time="55.23" classname="tests.Register"/>
  <testcase name="testRegistrationName" time="59.839" classname="tests.Register"/>
  <testcase name="testRegistrationName" time="61.493" classname="tests.Register"/>
  <testcase name="testRegistrationName" time="60.611" classname="tests.Register"/>
  <testcase name="testRegistrationName" time="60.551" classname="tests.Register"/>
  <testcase name="testRegistrationName" time="58.981" classname="tests.Register"/>
  <testcase name="testRegistrationName" time="58.654" classname="tests.Register"/>
  <testcase name="testRegistrationName" time="59.552" classname="tests.Register"/>
  <testcase name="testRegistrationName" time="62.76" classname="tests.Register"/>
  <testcase name="testRegistrationName" time="61.515" classname="tests.Register"/>
  <testcase name="testRegistrationName" time="59.135" classname="tests.Register"/>
  <testcase name="testRegistrationName" time="58.703" classname="tests.Register"/>
  <testcase name="testRegistrationName" time="58.334" classname="tests.Register"/>
  <testcase name="testRegistrationName" time="60.557" classname="tests.Register"/>
  <testcase name="testRegistrationName" time="59.115" classname="tests.Register"/>
  <testcase name="testRegistrationName" time="59.901" classname="tests.Register"/>
  <testcase name="testRegistrationName" time="61.99" classname="tests.Register"/>
  <testcase name="testRegistrationName" time="51.614" classname="tests.Register"/>
  <testcase name="testRegistrationName" time="57.018" classname="tests.Register"/>
  <testcase name="testRegistrationName" time="50.637" classname="tests.Register"/>
  <testcase name="testRegistrationName" time="32.531" classname="tests.Register">
    <failure type="org.openqa.selenium.NoSuchElementException" message="Unable to locate element: Register
For documentation on this error, please visit: http://seleniumhq.org/exceptions/no_such_element.html
Build info: version: &amp;apos;3.7.1&amp;apos;, revision: &amp;apos;8a0099a&amp;apos;, time: &amp;apos;2017-11-06T21:07:31.527Z&amp;apos;
System info: host: &amp;apos;JULIA&amp;apos;, ip: &amp;apos;192.168.0.75&amp;apos;, os.name: &amp;apos;Windows 10&amp;apos;, os.arch: &amp;apos;amd64&amp;apos;, os.version: &amp;apos;10.0&amp;apos;, java.version: &amp;apos;1.8.0_151&amp;apos;
Driver info: org.openqa.selenium.firefox.FirefoxDriver
Capabilities {acceptInsecureCerts: true, browserName: firefox, browserVersion: 54.0, javascriptEnabled: true, moz:accessibilityChecks: false, moz:processID: 6500, moz:profile: C:\Users\idilia\AppData\Loc..., pageLoadStrategy: normal, platform: XP, platformName: XP, platformVersion: 10.0, rotatable: false, specificationLevel: 0, timeouts: {implicit: 0, pageLoad: 300000, script: 30000}}
Session ID: f9174986-8960-4dfb-89e8-ade74e6ece76
*** Element info: {Using=link text, value=Register}">
      <![CDATA[org.openqa.selenium.NoSuchElementException: Unable to locate element: RegisterFor documentation on this error, please visit: http://seleniumhq.org/exceptions/no_such_element.htmlBuild info: version: '3.7.1', revision: '8a0099a', time: '2017-11-06T21:07:31.527Z'System info: host: 'JULIA', ip: '192.168.0.75', os.name: 'Windows 10', os.arch: 'amd64', os.version: '10.0', java.version: '1.8.0_151'Driver info: org.openqa.selenium.firefox.FirefoxDriverCapabilities {acceptInsecureCerts: true, browserName: firefox, browserVersion: 54.0, javascriptEnabled: true, moz:accessibilityChecks: false, moz:processID: 6500, moz:profile: C:\Users\idilia\AppData\Loc..., pageLoadStrategy: normal, platform: XP, platformName: XP, platformVersion: 10.0, rotatable: false, specificationLevel: 0, timeouts: {implicit: 0, pageLoad: 300000, script: 30000}}Session ID: f9174986-8960-4dfb-89e8-ade74e6ece76*** Element info: {Using=link text, value=Register}at sun.reflect.GeneratedConstructorAccessor13.newInstance(Unknown Source)at sun.reflect.DelegatingConstructorAccessorImpl.newInstance(Unknown Source)at java.lang.reflect.Constructor.newInstance(Unknown Source)at org.openqa.selenium.remote.http.W3CHttpResponseCodec.createException(W3CHttpResponseCodec.java:187)at org.openqa.selenium.remote.http.W3CHttpResponseCodec.decode(W3CHttpResponseCodec.java:122)at org.openqa.selenium.remote.http.W3CHttpResponseCodec.decode(W3CHttpResponseCodec.java:49)at org.openqa.selenium.remote.HttpCommandExecutor.execute(HttpCommandExecutor.java:164)at org.openqa.selenium.remote.service.DriverCommandExecutor.execute(DriverCommandExecutor.java:83)at org.openqa.selenium.remote.RemoteWebDriver.execute(RemoteWebDriver.java:600)at org.openqa.selenium.remote.RemoteWebDriver.findElement(RemoteWebDriver.java:370)at org.openqa.selenium.remote.RemoteWebDriver.findElementByLinkText(RemoteWebDriver.java:424)at org.openqa.selenium.By$ByLinkText.findElement(By.java:246)at org.openqa.selenium.remote.RemoteWebDriver.findElement(RemoteWebDriver.java:362)at helper.Helper.makeRegister(Helper.java:42)at tests.Register.testRegistrationName(Register.java:64)at sun.reflect.GeneratedMethodAccessor1.invoke(Unknown Source)at sun.reflect.DelegatingMethodAccessorImpl.invoke(Unknown Source)at java.lang.reflect.Method.invoke(Unknown Source)at org.testng.internal.MethodInvocationHelper.invokeMethod(MethodInvocationHelper.java:124)at org.testng.internal.Invoker.invokeMethod(Invoker.java:571)at org.testng.internal.Invoker.invokeTestMethod(Invoker.java:707)at org.testng.internal.Invoker.invokeTestMethods(Invoker.java:979)at org.testng.internal.TestMethodWorker.invokeTestMethods(TestMethodWorker.java:125)at org.testng.internal.TestMethodWorker.run(TestMethodWorker.java:109)at org.testng.TestRunner.privateRun(TestRunner.java:648)at org.testng.TestRunner.run(TestRunner.java:505)at org.testng.SuiteRunner.runTest(SuiteRunner.java:455)at org.testng.SuiteRunner.runSequentially(SuiteRunner.java:450)at org.testng.SuiteRunner.privateRun(SuiteRunner.java:415)at org.testng.SuiteRunner.run(SuiteRunner.java:364)at org.testng.SuiteRunnerWorker.runSuite(SuiteRunnerWorker.java:52)at org.testng.SuiteRunnerWorker.run(SuiteRunnerWorker.java:84)at org.testng.TestNG.runSuitesSequentially(TestNG.java:1187)at org.testng.TestNG.runSuitesLocally(TestNG.java:1116)at org.testng.TestNG.runSuites(TestNG.java:1028)at org.testng.TestNG.run(TestNG.java:996)at org.testng.remote.AbstractRemoteTestNG.run(AbstractRemoteTestNG.java:114)at org.testng.remote.RemoteTestNG.initAndRun(RemoteTestNG.java:251)at org.testng.remote.RemoteTestNG.main(RemoteTestNG.java:77)]]>
    </failure>
  </testcase> <!-- testRegistrationName -->
  <testcase name="testRegistrationName" time="33.273" classname="tests.Register">
    <failure type="org.openqa.selenium.NoSuchElementException" message="Unable to locate element: Register
For documentation on this error, please visit: http://seleniumhq.org/exceptions/no_such_element.html
Build info: version: &amp;apos;3.7.1&amp;apos;, revision: &amp;apos;8a0099a&amp;apos;, time: &amp;apos;2017-11-06T21:07:31.527Z&amp;apos;
System info: host: &amp;apos;JULIA&amp;apos;, ip: &amp;apos;192.168.0.75&amp;apos;, os.name: &amp;apos;Windows 10&amp;apos;, os.arch: &amp;apos;amd64&amp;apos;, os.version: &amp;apos;10.0&amp;apos;, java.version: &amp;apos;1.8.0_151&amp;apos;
Driver info: org.openqa.selenium.firefox.FirefoxDriver
Capabilities {acceptInsecureCerts: true, browserName: firefox, browserVersion: 54.0, javascriptEnabled: true, moz:accessibilityChecks: false, moz:processID: 6500, moz:profile: C:\Users\idilia\AppData\Loc..., pageLoadStrategy: normal, platform: XP, platformName: XP, platformVersion: 10.0, rotatable: false, specificationLevel: 0, timeouts: {implicit: 0, pageLoad: 300000, script: 30000}}
Session ID: f9174986-8960-4dfb-89e8-ade74e6ece76
*** Element info: {Using=link text, value=Register}">
      <![CDATA[org.openqa.selenium.NoSuchElementException: Unable to locate element: RegisterFor documentation on this error, please visit: http://seleniumhq.org/exceptions/no_such_element.htmlBuild info: version: '3.7.1', revision: '8a0099a', time: '2017-11-06T21:07:31.527Z'System info: host: 'JULIA', ip: '192.168.0.75', os.name: 'Windows 10', os.arch: 'amd64', os.version: '10.0', java.version: '1.8.0_151'Driver info: org.openqa.selenium.firefox.FirefoxDriverCapabilities {acceptInsecureCerts: true, browserName: firefox, browserVersion: 54.0, javascriptEnabled: true, moz:accessibilityChecks: false, moz:processID: 6500, moz:profile: C:\Users\idilia\AppData\Loc..., pageLoadStrategy: normal, platform: XP, platformName: XP, platformVersion: 10.0, rotatable: false, specificationLevel: 0, timeouts: {implicit: 0, pageLoad: 300000, script: 30000}}Session ID: f9174986-8960-4dfb-89e8-ade74e6ece76*** Element info: {Using=link text, value=Register}at sun.reflect.GeneratedConstructorAccessor13.newInstance(Unknown Source)at sun.reflect.DelegatingConstructorAccessorImpl.newInstance(Unknown Source)at java.lang.reflect.Constructor.newInstance(Unknown Source)at org.openqa.selenium.remote.http.W3CHttpResponseCodec.createException(W3CHttpResponseCodec.java:187)at org.openqa.selenium.remote.http.W3CHttpResponseCodec.decode(W3CHttpResponseCodec.java:122)at org.openqa.selenium.remote.http.W3CHttpResponseCodec.decode(W3CHttpResponseCodec.java:49)at org.openqa.selenium.remote.HttpCommandExecutor.execute(HttpCommandExecutor.java:164)at org.openqa.selenium.remote.service.DriverCommandExecutor.execute(DriverCommandExecutor.java:83)at org.openqa.selenium.remote.RemoteWebDriver.execute(RemoteWebDriver.java:600)at org.openqa.selenium.remote.RemoteWebDriver.findElement(RemoteWebDriver.java:370)at org.openqa.selenium.remote.RemoteWebDriver.findElementByLinkText(RemoteWebDriver.java:424)at org.openqa.selenium.By$ByLinkText.findElement(By.java:246)at org.openqa.selenium.remote.RemoteWebDriver.findElement(RemoteWebDriver.java:362)at helper.Helper.makeRegister(Helper.java:42)at tests.Register.testRegistrationName(Register.java:64)at sun.reflect.GeneratedMethodAccessor1.invoke(Unknown Source)at sun.reflect.DelegatingMethodAccessorImpl.invoke(Unknown Source)at java.lang.reflect.Method.invoke(Unknown Source)at org.testng.internal.MethodInvocationHelper.invokeMethod(MethodInvocationHelper.java:124)at org.testng.internal.Invoker.invokeMethod(Invoker.java:571)at org.testng.internal.Invoker.invokeTestMethod(Invoker.java:707)at org.testng.internal.Invoker.invokeTestMethods(Invoker.java:979)at org.testng.internal.TestMethodWorker.invokeTestMethods(TestMethodWorker.java:125)at org.testng.internal.TestMethodWorker.run(TestMethodWorker.java:109)at org.testng.TestRunner.privateRun(TestRunner.java:648)at org.testng.TestRunner.run(TestRunner.java:505)at org.testng.SuiteRunner.runTest(SuiteRunner.java:455)at org.testng.SuiteRunner.runSequentially(SuiteRunner.java:450)at org.testng.SuiteRunner.privateRun(SuiteRunner.java:415)at org.testng.SuiteRunner.run(SuiteRunner.java:364)at org.testng.SuiteRunnerWorker.runSuite(SuiteRunnerWorker.java:52)at org.testng.SuiteRunnerWorker.run(SuiteRunnerWorker.java:84)at org.testng.TestNG.runSuitesSequentially(TestNG.java:1187)at org.testng.TestNG.runSuitesLocally(TestNG.java:1116)at org.testng.TestNG.runSuites(TestNG.java:1028)at org.testng.TestNG.run(TestNG.java:996)at org.testng.remote.AbstractRemoteTestNG.run(AbstractRemoteTestNG.java:114)at org.testng.remote.RemoteTestNG.initAndRun(RemoteTestNG.java:251)at org.testng.remote.RemoteTestNG.main(RemoteTestNG.java:77)]]>
    </failure>
  </testcase> <!-- testRegistrationName -->
</testsuite> <!-- Default test -->
